[?25l[H[K[32m
zilia@ziliang [35mMINGW64 [33m~/fat-orange-fire-journey [36m(master)[K[m
$[K
[K
[K
[K
[K
[K
[K
[K
[K
[K
[K
[K
[K
[K
[K
[K
[K
[K
[K
[K
[K
[K
[K
[K
[K
[K
[K
[K
[K
[K
[K
[K
[K
[K
[K
[K
[K
[K
[K
[K
[K
[K
[K
[K
[K
[K
[K
[K
[K
[K
[K
[K[3;3H[?25h$[K[1C[?25l[H[K[32m
zilia@ziliang [35mMINGW64 [33m~/fat-orange-fire-journey [36m(master)[K[m
$[K
[K
[K
[K
[K
[K
[K
[K
[K
[K
[K
[K
[K
[K
[K
[K
[K
[K
[K
[K
[K
[K
[K
[K
[K
[K
[K
[K
[K
[K
[K
[K
[K
[K
[K
[K
[K
[K
[K
[K
[K
[K
[K
[K
[K
[K
[K
[K
[K
[K
[K
[K
[K[3;3H[?25h$[K[1Cn[K[?5h[?5l[?5h[?5l[?5h[?5l[?25l[H[K[32m
zilia@ziliang [35mMINGW64 [33m~/fat-orange-fire-journey [36m(master)[K[m
$[K
[K
[K
[K
[K
[K
[K
[K
[K
[K
[K
[K
[K
[K
[K
[K
[K
[K
[K
[K
[K
[K
[K
[K
[K
[K
[K
[K
[K
[K
[K
[K
[K
[K
[K
[K
[K
[K
[K
[K
[K
[K
[K
[K
[K
[K
[K
[K
[K
[K
[K
[K
[K[3;3H[?25h[?25l[H[K[32m
zilia@ziliang [35mMINGW64 [33m~/fat-orange-fire-journey [36m(master)[K[m
$[K
[K
[K
[K
[K
[K
[K
[K
[K
[K
[K
[K
[K
[K
[K
[K
[K
[K
[K
[K
[K
[K
[K
[K
[K
[K
[K
[K
[K
[K
[K
[K
[K
[K
[K
[K
[K
[K
[K
[K
[K
[K
[K
[K
[K
[K
[K
[K
[K
[K
[K
[K
[K[3;3H[?25h$[K[1C[?25l[H[K[32m
zilia@ziliang [35mMINGW64 [33m~/fat-orange-fire-journey [36m(master)[K[m
$[K
[K
[K
[K
[K
[K
[K
[K
[K
[K
[K
[K
[K
[K
[K
[K
[K
[K
[K
[K
[K
[K
[K
[K
[K
[K
[K
[K
[K
[K
[K
[K
[K
[K
[K
[K
[K
[K
[K
[K
[K
[K
[K
[K
[K
[K
[K
[K
[K
[K
[K
[K
[K[3;3H[?25h$[K[1C[?25l[H[K[32m
zilia@ziliang [35mMINGW64 [33m~/fat-orange-fire-journey [36m(master)[K[m
$[K
[K
[K
[K
[K
[K
[K
[K
[K
[K
[K
[K
[K
[K
[K
[K
[K
[K
[K
[K
[K
[K
[K
[K
[K
[K
[K
[K
[K
[K
[K
[K
[K
[K
[K
[K
[K
[K
[K
[K
[K
[K
[K
[K
[K
[K
[K
[K
[K
[K
[K
[K
[K[3;3H[?25h$[K[1C[?25l[H[K[32m
zilia@ziliang [35mMINGW64 [33m~/fat-orange-fire-journey [36m(master)[K[m
$[K
[K
[K
[K
[K
[K
[K
[K
[K
[K
[K
[K
[K
[K
[K
[K
[K
[K
[K
[K
[K
[K
[K
[K
[K
[K
[K
[K
[K
[K
[K
[K
[K
[K
[K
[K
[K
[K
[K
[K
[K
[K
[K
[K
[K
[K
[K
[K
[K
[K
[K
[K
[K[3;3H[?25h[?25l[H[K[32m
zilia@ziliang [35mMINGW64 [33m~/fat-orange-fire-journey [36m(master)[K[m
$[K
[K
[K
[K
[K
[K
[K
[K
[K
[K
[K
[K
[K
[K
[K
[K
[K
[K
[K
[K
[K
[K
[K
[K
[K
[K
[K
[K
[K
[K
[K
[K
[K
[K
[K
[K
[K
[K
[K
[K
[K
[K
[K
[K
[K
[K
[K
[K
[K
[K
[K
[K
[K[3;3H[?25h$[K[1C[?25l[H[K[32m
zilia@ziliang [35mMINGW64 [33m~/fat-orange-fire-journey [36m(master)[K[m
$[K
[K
[K
[K
[K
[K
[K
[K
[K
[K
[K
[K
[K
[K
[K
[K
[K
[K
[K
[K
[K
[K
[K
[K
[K
[K
[K
[K
[K
[K
[K
[K
[K
[K
[K
[K
[K
[K
[K
[K
[K
[K
[K
[K
[K
[K
[K
[K
[K
[K
[K
[K
[K[3;3H[?25h[?25l[H[K[32m
zilia@ziliang [35mMINGW64 [33m~/fat-orange-fire-journey [36m(master)[K[m
$[K
[K
[K
[K
[K
[K
[K
[K
[K
[K
[K
[K
[K
[K
[K
[K
[K
[K
[K
[K
[K
[K
[K
[K
[K
[K
[K
[K
[K
[K
[K
[K
[K
[K
[K
[K
[K
[K
[K
[K
[K
[K
[K
[K
[K
[K
[K
[K
[K
[K
[K
[K
[K[3;3H[?25h$[K[1C[?25l[H[K[32m
zilia@ziliang [35mMINGW64 [33m~/fat-orange-fire-journey [36m(master)[K[m
$[K
[K
[K
[K
[K
[K
[K
[K
[K
[K
[K
[K
[K
[K
[K
[K
[K
[K
[K
[K
[K
[K
[K
[K
[K
[K
[K
[K
[K
[K
[K
[K
[K
[K
[K
[K
[K
[K
[K
[K
[K
[K
[K
[K
[K
[K
[K
[K
[K
[K
[K
[K
[K[3;3H[?25h$[K[1C[?25l[H[K[32m
zilia@ziliang [35mMINGW64 [33m~/fat-orange-fire-journey [36m(master)[K[m
$[K
[K
[K
[K
[K
[K
[K
[K
[K
[K
[K
[K
[K
[K
[K
[K
[K
[K
[K
[K
[K
[K
[K
[K
[K
[K
[K
[K
[K
[K
[K
[K
[K
[K
[K
[K
[K
[K
[K
[K
[K
[K
[K
[K
[K
[K
[K
[K
[K
[K
[K
[K
[K[3;3H[?25h$[K[1C[?25l[H[K[32m
zilia@ziliang [35mMINGW64 [33m~/fat-orange-fire-journey [36m(master)[K[m
$[K
[K
[K
[K
[K
[K
[K
[K
[K
[K
[K
[K
[K
[K
[K
[K
[K
[K
[K
[K
[K
[K
[K
[K
[K
[K
[K
[K
[K
[K
[K
[K
[K
[K
[K
[K
[K
[K
[K
[K
[K
[K
[K
[K
[K
[K
[K
[K
[K
[K
[K
[K
[K[3;3H[?25h$[K[1C[?25l[H[K[32m
zilia@ziliang [35mMINGW64 [33m~/fat-orange-fire-journey [36m(master)[K[m
$[K
[K
[K
[K
[K
[K
[K
[K
[K
[K
[K
[K
[K
[K
[K
[K
[K
[K
[K
[K
[K
[K
[K
[K
[K
[K
[K
[K
[K
[K
[K
[K
[K
[K
[K
[K
[K
[K
[K
[K
[K
[K
[K
[K
[K
[K
[K
[K
[K
[K
[K
[K
[K[3;3H[?25h[?25l[H[K[32m
zilia@ziliang [35mMINGW64 [33m~/fat-orange-fire-journey [36m(master)[K[m
$[K
[K
[K
[K
[K
[K
[K
[K
[K
[K
[K
[K
[K
[K
[K
[K
[K
[K
[K
[K
[K
[K
[K
[K
[K
[K
[K
[K
[K
[K
[K
[K
[K
[K
[K
[K
[K
[K
[K
[K
[K
[K
[K
[K
[K
[K
[K
[K
[K
[K
[K
[K
[K[3;3H[?25h$[K[1C[?25l[H[K[32m
zilia@ziliang [35mMINGW64 [33m~/fat-orange-fire-journey [36m(master)[K[m
$[K
[K
[K
[K
[K
[K
[K
[K
[K
[K
[K
[K
[K
[K
[K
[K
[K
[K
[K
[K
[K
[K
[K
[K
[K
[K
[K
[K
[K
[K
[K
[K
[K
[K
[K
[K
[K
[K
[K
[K
[K
[K
[K
[K
[K
[K
[K
[K
[K
[K
[K
[K
[K[3;3H[?25h$[K[1C[?25l[H[K[32m
zilia@ziliang [35mMINGW64 [33m~/fat-orange-fire-journey [36m(master)[K[m
$[K
[K
[K
[K
[K
[K
[K
[K
[K
[K
[K
[K
[K
[K
[K
[K
[K
[K
[K
[K
[K
[K
[K
[K
[K
[K
[K
[K
[K
[K
[K
[K
[K
[K
[K
[K
[K
[K
[K
[K
[K
[K
[K
[K
[K
[K
[K
[K
[K
[K
[K
[K
[K[3;3H[?25h$[K[1C[?25l[H[K[32m
zilia@ziliang [35mMINGW64 [33m~/fat-orange-fire-journey [36m(master)[K[m
$[K
[K
[K
[K
[K
[K
[K
[K
[K
[K
[K
[K
[K
[K
[K
[K
[K
[K
[K
[K
[K
[K
[K
[K
[K
[K
[K
[K
[K
[K
[K
[K
[K
[K
[K
[K
[K
[K
[K
[K
[K
[K
[K
[K
[K
[K
[K
[K
[K
[K
[K
[K
[K[3;3H[?25h$[K[1C[?25l[H[K[32m
zilia@ziliang [35mMINGW64 [33m~/fat-orange-fire-journey [36m(master)[K[m
$[K
[K
[K
[K
[K
[K
[K
[K
[K
[K
[K
[K
[K
[K
[K
[K
[K
[K
[K
[K
[K
[K
[K
[K
[K
[K
[K
[K
[K
[K
[K
[K
[K
[K
[K
[K
[K
[K
[K
[K
[K
[K
[K
[K
[K
[K
[K
[K
[K
[K
[K
[K
[K[3;3H[?25h$[K[1Cgit branch
[?2004l[?1h[?1l>* [32mmaster[m
[K[?2004h[32m
zilia@ziliang [35mMINGW64 [33m~/fat-orange-fire-journey [36m(master)[m
$ git checkout main
[?2004lbranch 'main' set up to track 'origin/main'.
Switched to a new branch 'main'
[?2004h[32m
zilia@ziliang [35mMINGW64 [33m~/fat-orange-fire-journey [36m(main)[m
$ [?25l[H[K[32m
zilia@ziliang [35mMINGW64 [33m~/fat-orange-fire-journey [36m(master)[K[m
$ git branch[K
* [32mmaster[K[m
[K[32m
zilia@ziliang [35mMINGW64 [33m~/fat-orange-fire-journey [36m(master)[K[m
$ git checkout main[K
branch 'main' set up to track 'origin/main'.[K
Switched to a new branch 'main'[K
[K[32m
zilia@ziliang [35mMINGW64 [33m~/fat-orange-fire-journey [36m(main)[K[m
$[K
[K
[K
[K
[K
[K
[K
[K
[K
[K
[K
[K
[K
[K
[K
[K
[K
[K
[K
[K
[K
[K
[K
[K
[K
[K
[K
[K
[K
[K
[K
[K
[K
[K
[K
[K
[K
[K
[K
[K
[K
[K
[K[12;3H[?25h$[K[1Cgit status
[?2004lOn branch main
[?25lYour branch is up to date with 'origin/main'.[16;1HUntracked files:
  (use "git add <file>..." to include in what will be committed)[31m[18;9Hsrc/content/posts/w12y26.mdx[19;9Hterminal.log[m[21;1Hnothing added to commit but untracked files present (use "git add" to track)
[?25h[?2004h[32m
zilia@ziliang [35mMINGW64 [33m~/fat-orange-fire-journey [36m(main)[m
$ git add .
[?2004l